0 info it worked if it ends with ok
1 verbose cli [ '/usr/local/bin/node', '/usr/local/bin/npm', 'run', 'build' ]
2 info using npm@3.10.9
3 info using node@v7.1.0
4 verbose run-script [ 'prebuild', 'build', 'postbuild' ]
5 info lifecycle electron-ftp@0.0.1~prebuild: electron-ftp@0.0.1
6 silly lifecycle electron-ftp@0.0.1~prebuild: no script for prebuild, continuing
7 info lifecycle electron-ftp@0.0.1~build: electron-ftp@0.0.1
8 verbose lifecycle electron-ftp@0.0.1~build: unsafe-perm in lifecycle true
9 verbose lifecycle electron-ftp@0.0.1~build: PATH: /usr/local/lib/node_modules/npm/bin/node-gyp-bin:/Users/lucasoverland/works/electron-ftp/node_modules/.bin:/Users/lucasoverland/Cars/powertrain:/opt/local/bin:/opt/local/sbin:/usr/local/bin:/usr/bin:/bin:/usr/sbin:/sbin:/usr/local/go/bin:/Library/Frameworks/Mono.framework/Versions/Current/Commands:/Users/lucasoverland/Cars/powertrain:/opt/local/bin:/opt/local/sbin:/usr/local/apache-maven/apache-maven-3.3.1/bin:/Users/lucasoverland/.rvm/bin:/usr/local/apache-maven/apache-maven-3.3.1/bin:/Users/lucasoverland/.rvm/bin
10 verbose lifecycle electron-ftp@0.0.1~build: CWD: /Users/lucasoverland/works/electron-ftp
11 silly lifecycle electron-ftp@0.0.1~build: Args: [ '-c',
11 silly lifecycle   'rm -rf ./dist/WhatsApp-darwin-x64 && electron-packager ./app "electronftp" --out=dist --platform=darwin --arch=x64 --version=1.4.1' ]
12 silly lifecycle electron-ftp@0.0.1~build: Returned: code: 1  signal: null
13 info lifecycle electron-ftp@0.0.1~build: Failed to exec build script
14 verbose stack Error: electron-ftp@0.0.1 build: `rm -rf ./dist/WhatsApp-darwin-x64 && electron-packager ./app "electronftp" --out=dist --platform=darwin --arch=x64 --version=1.4.1`
14 verbose stack Exit status 1
14 verbose stack     at EventEmitter.<anonymous> (/usr/local/lib/node_modules/npm/lib/utils/lifecycle.js:255:16)
14 verbose stack     at emitTwo (events.js:106:13)
14 verbose stack     at EventEmitter.emit (events.js:191:7)
14 verbose stack     at ChildProcess.<anonymous> (/usr/local/lib/node_modules/npm/lib/utils/spawn.js:40:14)
14 verbose stack     at emitTwo (events.js:106:13)
14 verbose stack     at ChildProcess.emit (events.js:191:7)
14 verbose stack     at maybeClose (internal/child_process.js:885:16)
14 verbose stack     at Process.ChildProcess._handle.onexit (internal/child_process.js:226:5)
15 verbose pkgid electron-ftp@0.0.1
16 verbose cwd /Users/lucasoverland/works/electron-ftp
17 error Darwin 15.0.0
18 error argv "/usr/local/bin/node" "/usr/local/bin/npm" "run" "build"
19 error node v7.1.0
20 error npm  v3.10.9
21 error code ELIFECYCLE
22 error electron-ftp@0.0.1 build: `rm -rf ./dist/WhatsApp-darwin-x64 && electron-packager ./app "electronftp" --out=dist --platform=darwin --arch=x64 --version=1.4.1`
22 error Exit status 1
23 error Failed at the electron-ftp@0.0.1 build script 'rm -rf ./dist/WhatsApp-darwin-x64 && electron-packager ./app "electronftp" --out=dist --platform=darwin --arch=x64 --version=1.4.1'.
23 error Make sure you have the latest version of node.js and npm installed.
23 error If you do, this is most likely a problem with the electron-ftp package,
23 error not with npm itself.
23 error Tell the author that this fails on your system:
23 error     rm -rf ./dist/WhatsApp-darwin-x64 && electron-packager ./app "electronftp" --out=dist --platform=darwin --arch=x64 --version=1.4.1
23 error You can get information on how to open an issue for this project with:
23 error     npm bugs electron-ftp
23 error Or if that isn't available, you can get their info via:
23 error     npm owner ls electron-ftp
23 error There is likely additional logging output above.
24 verbose exit [ 1, true ]
